<?xml version="1.0" encoding="UTF-8"?>
<testsuite name="com.demo.opencart.practice.runners.RunnerTags" tests="0" skipped="0" failures="0" errors="0" timestamp="1970-01-01T00:00:00" hostname="DESKTOP-9003QRL" time="0.0">
  <properties/>
  <system-out><![CDATA[
1 Scenarios (?[33m1 undefined?[0m)
4 Steps (?[33m4 undefined?[0m)
0m0,761s


You can implement missing steps with the snippets below:


@Given("^that Karina logs in correctly$")
public void thatKarinaLogsInCorrectly(DataTable arg1) throws Exception {
    // Write code here that turns the phrase above into concrete actions
    // For automatic transformation, change DataTable to one of
    // List<YourType>, List<List<E>>, List<Map<K,V>> or Map<K,V>.
    // E,K,V must be a scalar (String, Integer, Date, enum etc)
    throw new PendingException();
}

@When("^Select menu Catalog to reach the Category$")
public void selectMenuCatalogToReachTheCategory() throws Exception {
    // Write code here that turns the phrase above into concrete actions
    throw new PendingException();
}

@When("^Add a new category$")
public void addANewCategory() throws Exception {
    // Write code here that turns the phrase above into concrete actions
    throw new PendingException();
}

@Then("^Karina you can save the new record\\.$")
public void karinaYouCanSaveTheNewRecord() throws Exception {
    // Write code here that turns the phrase above into concrete actions
    throw new PendingException();
}

]]></system-out>
  <system-err><![CDATA[[Test worker] INFO net.serenitybdd.core.Serenity - ?[36m

-------------------------------------------------------------------------------------
     _______. _______ .______       _______ .__   __.  __  .___________.____    ____ 
    /       ||   ____||   _  \     |   ____||  \ |  | |  | |           |\   \  /   / 
   |   (----`|  |__   |  |_)  |    |  |__   |   \|  | |  | `---|  |----` \   \/   /  
    \   \    |   __|  |      /     |   __|  |  . `  | |  |     |  |       \_    _/   
.----)   |   |  |____ |  |\  \----.|  |____ |  |\   | |  |     |  |         |  |     
|_______/    |_______|| _| `._____||_______||__| \__| |__|     |__|         |__|    
                                                                                     
 News and tutorials at http://www.serenity-bdd.info                                  
 Documentation at https://wakaleo.gitbooks.io/the-serenity-book/content/             
 Join the Serenity Community on Rocket Chat at https://serenity-bdd.rocket.chat      
 Serenity BDD Support and Training at http://serenity-bdd.info/#/trainingandsupport  
 Learn Serenity BDD online at http://serenity-dojo.com                               
-------------------------------------------------------------------------------------
?[0m
[Test worker] INFO net.serenitybdd.core.Serenity - Test Suite Started: Process of adding a category.
[Test worker] INFO net.serenitybdd.core.Serenity - 
 _____ _____ ____ _____   ____ _____  _    ____ _____ _____ ____  
|_   _| ____/ ___|_   _| / ___|_   _|/ \  |  _ \_   _| ____|  _ \ 
  | | |  _| \___ \ | |   \___ \ | | / _ \ | |_) || | |  _| | | | |
  | | | |___ ___) || |    ___) || |/ ___ \|  _ < | | | |___| |_| |
  |_| |_____|____/ |_|   |____/ |_/_/   \_\_| \_\|_| |_____|____/ 
                                                                  

TEST STARTED: Enter a new category.
-------------------------------------------------------------------(process-of-adding-a-category.;enter-a-new-category.)
[Test worker] INFO net.serenitybdd.core.Serenity - 
          __  _____ _____ ____ _____   ____  _____ _   _ ____ ___ _   _  ____ 
 _       / / |_   _| ____/ ___|_   _| |  _ \| ____| \ | |  _ \_ _| \ | |/ ___|
(_)____ / /    | | |  _| \___ \ | |   | |_) |  _| |  \| | | | | ||  \| | |  _ 
 |_____/ /     | | | |___ ___) || |   |  __/| |___| |\  | |_| | || |\  | |_| |
(_)   /_/      |_| |_____|____/ |_|   |_|   |_____|_| \_|____/___|_| \_|\____|
                                                                                

TEST PENDING: Enter a new category.
---------------------------------------------------------------------------------
]]></system-err>
</testsuite>
